<?xml version="1.0" encoding="UTF-8"?>
<!-- Generated by org.testng.reporters.JUnitReportReporter -->
<testsuite skipped="0" hostname="LAPTOP-0DTKRKS3" name="org.wvs.vtiger.tests.ValidateLoginPage" tests="1" failures="0" timestamp="20 Jun 2021 12:27:55 GMT" time="17.596" errors="0">
  <testcase name="test001verifyLoginpage" time="17.596" classname="org.wvs.vtiger.tests.ValidateLoginPage"/>
</testsuite> <!-- org.wvs.vtiger.tests.ValidateLoginPage -->
