<?xml version="1.0" encoding="UTF-8"?>
<!-- Generated by org.testng.reporters.JUnitReportReporter -->
<testsuite skipped="0" hostname="LAPTOP-0DTKRKS3" name="org.wvs.vtiger.tests.ValidateCreateAccountPage" tests="1" failures="0" timestamp="24 Jun 2021 10:29:19 GMT" time="41.265" errors="0">
  <testcase name="test_001_AccountCreation" time="41.265" classname="org.wvs.vtiger.tests.ValidateCreateAccountPage"/>
</testsuite> <!-- org.wvs.vtiger.tests.ValidateCreateAccountPage -->
